[2022-10-17T07:45:36.569Z] [INFO] [MerchantConfig418218561] : "************************ LOGGING START ************************"
[2022-10-17T07:45:36.576Z] [INFO] [ApiClient58379335] : "Authentication Type : http_signature"
[2022-10-17T07:45:36.576Z] [INFO] [ApiClient58379335] : "Request Type : POST"
[2022-10-17T07:45:36.579Z] [INFO] [ApiClient58379335] : "signatureHeader : keyid=\"5094d77a-b357-4016-b6e3-6bb9ac4fc283\", algorithm=\"HmacSHA256\", headers=\"host date (request-target) digest v-c-merchant-id\", signature=\"G3ZPbz2K+RigZYr//QxunY/3l7iu3SaNW6uckPr0CA4=\""
[2022-10-17T07:45:36.579Z] [INFO] [ApiClient58379335] : "digest : SHA-256=5EsCF2SLG7LU2t4xXYn+AyafQmNPJxbRrpm5ftWt/u0="
[2022-10-17T07:45:36.580Z] [INFO] [ApiClient58379335] : "v-c-merchant-id : bbk_fadhili_1234567_kes"
[2022-10-17T07:45:36.580Z] [INFO] [ApiClient58379335] : "date : Mon, 17 Oct 2022 07:45:36 GMT"
[2022-10-17T07:45:36.580Z] [INFO] [ApiClient58379335] : "host : apitest.cybersource.com"
[2022-10-17T07:45:36.580Z] [INFO] [ApiClient58379335] : "signature : keyid=\"5094d77a-b357-4016-b6e3-6bb9ac4fc283\", algorithm=\"HmacSHA256\", headers=\"host date (request-target) digest v-c-merchant-id\", signature=\"G3ZPbz2K+RigZYr//QxunY/3l7iu3SaNW6uckPr0CA4=\""
[2022-10-17T07:45:36.581Z] [INFO] [ApiClient58379335] : "User-Agent : Mozilla/5.0"
[2022-10-17T07:45:36.581Z] [INFO] [ApiClient58379335] : "************************  LOGGING END  ************************"
[2022-10-17T07:46:03.452Z] [INFO] [MerchantConfig460111322] : "************************ LOGGING START ************************"
[2022-10-17T07:46:03.457Z] [INFO] [ApiClient735880137] : "Authentication Type : http_signature"
[2022-10-17T07:46:03.457Z] [INFO] [ApiClient735880137] : "Request Type : POST"
[2022-10-17T07:46:03.458Z] [INFO] [ApiClient735880137] : "signatureHeader : keyid=\"5094d77a-b357-4016-b6e3-6bb9ac4fc283\", algorithm=\"HmacSHA256\", headers=\"host date (request-target) digest v-c-merchant-id\", signature=\"/IPnZ2oSilDgrkvr8rEtyzEYzJ4IKsUQiRb9+VKX9hA=\""
[2022-10-17T07:46:03.458Z] [INFO] [ApiClient735880137] : "digest : SHA-256=9WvW6mjdZb1p2u3OrQtfUWJiG/SO3sXS8oCkS1TzVmY="
[2022-10-17T07:46:03.458Z] [INFO] [ApiClient735880137] : "v-c-merchant-id : bbk_fadhili_1234567_kes"
[2022-10-17T07:46:03.459Z] [INFO] [ApiClient735880137] : "date : Mon, 17 Oct 2022 07:46:03 GMT"
[2022-10-17T07:46:03.459Z] [INFO] [ApiClient735880137] : "host : apitest.cybersource.com"
[2022-10-17T07:46:03.459Z] [INFO] [ApiClient735880137] : "signature : keyid=\"5094d77a-b357-4016-b6e3-6bb9ac4fc283\", algorithm=\"HmacSHA256\", headers=\"host date (request-target) digest v-c-merchant-id\", signature=\"/IPnZ2oSilDgrkvr8rEtyzEYzJ4IKsUQiRb9+VKX9hA=\""
[2022-10-17T07:46:03.459Z] [INFO] [ApiClient735880137] : "User-Agent : Mozilla/5.0"
[2022-10-17T07:46:03.459Z] [INFO] [ApiClient735880137] : "************************  LOGGING END  ************************"
[2022-10-17T08:19:33.438Z] [INFO] [MerchantConfig721873245] : "************************ LOGGING START ************************"
[2022-10-17T08:19:33.445Z] [INFO] [ApiClient584466567] : "Authentication Type : http_signature"
[2022-10-17T08:19:33.445Z] [INFO] [ApiClient584466567] : "Request Type : POST"
[2022-10-17T08:19:33.446Z] [INFO] [ApiClient584466567] : "signatureHeader : keyid=\"5094d77a-b357-4016-b6e3-6bb9ac4fc283\", algorithm=\"HmacSHA256\", headers=\"host date (request-target) digest v-c-merchant-id\", signature=\"TTbrC/kRgX6WmaDKDAA2CJgBelMJJLzbzV35zj63IDk=\""
[2022-10-17T08:19:33.446Z] [INFO] [ApiClient584466567] : "digest : SHA-256=/5MAxStfal7Py7uhYcPC4WdkBay66HFYXy9RtFBAzWk="
[2022-10-17T08:19:33.446Z] [INFO] [ApiClient584466567] : "v-c-merchant-id : bbk_fadhili_1234567_kes"
[2022-10-17T08:19:33.447Z] [INFO] [ApiClient584466567] : "date : Mon, 17 Oct 2022 08:19:33 GMT"
[2022-10-17T08:19:33.447Z] [INFO] [ApiClient584466567] : "host : apitest.cybersource.com"
[2022-10-17T08:19:33.447Z] [INFO] [ApiClient584466567] : "signature : keyid=\"5094d77a-b357-4016-b6e3-6bb9ac4fc283\", algorithm=\"HmacSHA256\", headers=\"host date (request-target) digest v-c-merchant-id\", signature=\"TTbrC/kRgX6WmaDKDAA2CJgBelMJJLzbzV35zj63IDk=\""
[2022-10-17T08:19:33.447Z] [INFO] [ApiClient584466567] : "User-Agent : Mozilla/5.0"
[2022-10-17T08:19:33.447Z] [INFO] [ApiClient584466567] : "************************  LOGGING END  ************************"
[2022-10-17T09:05:18.268Z] [INFO] [ApiClient685329398] : "Authentication Type : http_signature"
[2022-10-17T09:05:18.270Z] [INFO] [ApiClient685329398] : "Request Type : POST"
[2022-10-17T09:05:18.272Z] [INFO] [ApiClient685329398] : "signatureHeader : keyid=\"5094d77a-b357-4016-b6e3-6bb9ac4fc283\", algorithm=\"HmacSHA256\", headers=\"host date (request-target) digest v-c-merchant-id\", signature=\"hzog0Mp1U+KuNuRgnVdBdS00aTOUEykn4w0JcUid3SM=\""
[2022-10-17T09:05:18.273Z] [INFO] [ApiClient685329398] : "digest : SHA-256=mGGZa7+/6fKSIMiLYMZ5ZSEEXacDCyi+d9XJMXki7o4="
[2022-10-17T09:05:18.273Z] [INFO] [ApiClient685329398] : "v-c-merchant-id : bbk_fadhili_1234567_kes"
[2022-10-17T09:05:18.273Z] [INFO] [ApiClient685329398] : "date : Mon, 17 Oct 2022 09:05:18 GMT"
[2022-10-17T09:05:18.273Z] [INFO] [ApiClient685329398] : "host : apitest.cybersource.com"
[2022-10-17T09:05:18.273Z] [INFO] [ApiClient685329398] : "signature : keyid=\"5094d77a-b357-4016-b6e3-6bb9ac4fc283\", algorithm=\"HmacSHA256\", headers=\"host date (request-target) digest v-c-merchant-id\", signature=\"hzog0Mp1U+KuNuRgnVdBdS00aTOUEykn4w0JcUid3SM=\""
[2022-10-17T09:05:18.274Z] [INFO] [ApiClient685329398] : "User-Agent : Mozilla/5.0"
[2022-10-17T09:05:18.274Z] [INFO] [ApiClient685329398] : "************************  LOGGING END  ************************"
[2022-10-17T09:05:18.255Z] [INFO] [MerchantConfig323995955] : "************************ LOGGING START ************************"
[2022-10-17T09:11:15.527Z] [INFO] [ApiClient913935926] : "Authentication Type : http_signature"
[2022-10-17T09:11:15.527Z] [INFO] [ApiClient913935926] : "Request Type : POST"
[2022-10-17T09:11:15.528Z] [INFO] [ApiClient913935926] : "signatureHeader : keyid=\"5094d77a-b357-4016-b6e3-6bb9ac4fc283\", algorithm=\"HmacSHA256\", headers=\"host date (request-target) digest v-c-merchant-id\", signature=\"v0Sa7Hs/YMZ0CKqtrj9P9pWewx82X/LH+laguX+CQ9w=\""
[2022-10-17T09:11:15.528Z] [INFO] [ApiClient913935926] : "digest : SHA-256=IxOKHPTu2odVsrWNvwInYEhqtqtGn4f+kkVLgyyz8rs="
[2022-10-17T09:11:15.528Z] [INFO] [ApiClient913935926] : "v-c-merchant-id : bbk_fadhili_1234567_kes"
[2022-10-17T09:11:15.528Z] [INFO] [ApiClient913935926] : "date : Mon, 17 Oct 2022 09:11:15 GMT"
[2022-10-17T09:11:15.528Z] [INFO] [ApiClient913935926] : "host : apitest.cybersource.com"
[2022-10-17T09:11:15.528Z] [INFO] [ApiClient913935926] : "signature : keyid=\"5094d77a-b357-4016-b6e3-6bb9ac4fc283\", algorithm=\"HmacSHA256\", headers=\"host date (request-target) digest v-c-merchant-id\", signature=\"v0Sa7Hs/YMZ0CKqtrj9P9pWewx82X/LH+laguX+CQ9w=\""
[2022-10-17T09:11:15.528Z] [INFO] [ApiClient913935926] : "User-Agent : Mozilla/5.0"
[2022-10-17T09:11:15.528Z] [INFO] [ApiClient913935926] : "************************  LOGGING END  ************************"
[2022-10-17T09:11:15.524Z] [INFO] [MerchantConfig385181920] : "************************ LOGGING START ************************"
