[2022-10-07T13:53:03.602Z] [INFO] [MerchantConfig371289747] : "************************ LOGGING START ************************"
[2022-10-07T13:53:03.608Z] [INFO] [ApiClient724937000] : "Authentication Type : http_signature"
[2022-10-07T13:53:03.609Z] [INFO] [ApiClient724937000] : "Request Type : POST"
[2022-10-07T13:53:03.612Z] [INFO] [ApiClient724937000] : "signatureHeader : keyid=\"08c94330-f618-42a3-b09d-e1e43be5efda\", algorithm=\"HmacSHA256\", headers=\"host date (request-target) digest v-c-merchant-id\", signature=\"V3N6vR37N6igCQYhF42s2bMmQswdfcXgNeIOxnm2JnI=\""
[2022-10-07T13:53:03.612Z] [INFO] [ApiClient724937000] : "digest : SHA-256=holwfjIgwG18gg/Zf+tszsNuoCOx2oUbTQcfAcImndE="
[2022-10-07T13:53:03.612Z] [INFO] [ApiClient724937000] : "v-c-merchant-id : testrest"
[2022-10-07T13:53:03.612Z] [INFO] [ApiClient724937000] : "date : Fri, 07 Oct 2022 13:53:03 GMT"
[2022-10-07T13:53:03.612Z] [INFO] [ApiClient724937000] : "host : apitest.cybersource.com"
[2022-10-07T13:53:03.613Z] [INFO] [ApiClient724937000] : "signature : keyid=\"08c94330-f618-42a3-b09d-e1e43be5efda\", algorithm=\"HmacSHA256\", headers=\"host date (request-target) digest v-c-merchant-id\", signature=\"V3N6vR37N6igCQYhF42s2bMmQswdfcXgNeIOxnm2JnI=\""
[2022-10-07T13:53:03.613Z] [INFO] [ApiClient724937000] : "User-Agent : Mozilla/5.0"
[2022-10-07T13:53:03.613Z] [INFO] [ApiClient724937000] : "************************  LOGGING END  ************************"
[2022-10-07T14:03:25.493Z] [INFO] [MerchantConfig511935282] : "************************ LOGGING START ************************"
[2022-10-07T14:03:25.500Z] [INFO] [ApiClient614125669] : "Authentication Type : http_signature"
[2022-10-07T14:03:25.500Z] [INFO] [ApiClient614125669] : "Request Type : POST"
[2022-10-07T14:03:25.502Z] [INFO] [ApiClient614125669] : "signatureHeader : keyid=\"08c94330-f618-42a3-b09d-e1e43be5efda\", algorithm=\"HmacSHA256\", headers=\"host date (request-target) digest v-c-merchant-id\", signature=\"KC3kITcfXrk6cqvCqdRKLfj0qCTUSYiSnwnXfB6oT1s=\""
[2022-10-07T14:03:25.502Z] [INFO] [ApiClient614125669] : "digest : SHA-256=holwfjIgwG18gg/Zf+tszsNuoCOx2oUbTQcfAcImndE="
[2022-10-07T14:03:25.502Z] [INFO] [ApiClient614125669] : "v-c-merchant-id : testrest"
[2022-10-07T14:03:25.502Z] [INFO] [ApiClient614125669] : "date : Fri, 07 Oct 2022 14:03:25 GMT"
[2022-10-07T14:03:25.502Z] [INFO] [ApiClient614125669] : "host : apitest.cybersource.com"
[2022-10-07T14:03:25.502Z] [INFO] [ApiClient614125669] : "signature : keyid=\"08c94330-f618-42a3-b09d-e1e43be5efda\", algorithm=\"HmacSHA256\", headers=\"host date (request-target) digest v-c-merchant-id\", signature=\"KC3kITcfXrk6cqvCqdRKLfj0qCTUSYiSnwnXfB6oT1s=\""
[2022-10-07T14:03:25.503Z] [INFO] [ApiClient614125669] : "User-Agent : Mozilla/5.0"
[2022-10-07T14:03:25.503Z] [INFO] [ApiClient614125669] : "************************  LOGGING END  ************************"
[2022-10-07T14:07:27.425Z] [INFO] [MerchantConfig951684147] : "************************ LOGGING START ************************"
[2022-10-07T14:07:27.432Z] [INFO] [ApiClient465288112] : "Authentication Type : http_signature"
[2022-10-07T14:07:27.433Z] [INFO] [ApiClient465288112] : "Request Type : POST"
[2022-10-07T14:07:27.434Z] [INFO] [ApiClient465288112] : "signatureHeader : keyid=\"5094d77a-b357-4016-b6e3-6bb9ac4fc283\", algorithm=\"HmacSHA256\", headers=\"host date (request-target) digest v-c-merchant-id\", signature=\"Qr5f+uJzVBNNbl1Jlpz9GabsxEYnOTSUa4kTYnWfOsA=\""
[2022-10-07T14:07:27.434Z] [INFO] [ApiClient465288112] : "digest : SHA-256=holwfjIgwG18gg/Zf+tszsNuoCOx2oUbTQcfAcImndE="
[2022-10-07T14:07:27.435Z] [INFO] [ApiClient465288112] : "v-c-merchant-id : bbk_fadhili_1234567_kes"
[2022-10-07T14:07:27.435Z] [INFO] [ApiClient465288112] : "date : Fri, 07 Oct 2022 14:07:27 GMT"
[2022-10-07T14:07:27.435Z] [INFO] [ApiClient465288112] : "host : api.cybersource.com"
[2022-10-07T14:07:27.435Z] [INFO] [ApiClient465288112] : "signature : keyid=\"5094d77a-b357-4016-b6e3-6bb9ac4fc283\", algorithm=\"HmacSHA256\", headers=\"host date (request-target) digest v-c-merchant-id\", signature=\"Qr5f+uJzVBNNbl1Jlpz9GabsxEYnOTSUa4kTYnWfOsA=\""
[2022-10-07T14:07:27.435Z] [INFO] [ApiClient465288112] : "User-Agent : Mozilla/5.0"
[2022-10-07T14:07:27.435Z] [INFO] [ApiClient465288112] : "************************  LOGGING END  ************************"
[2022-10-07T14:07:48.953Z] [INFO] [MerchantConfig442506467] : "************************ LOGGING START ************************"
[2022-10-07T14:07:48.959Z] [INFO] [ApiClient968167823] : "Authentication Type : http_signature"
[2022-10-07T14:07:48.960Z] [INFO] [ApiClient968167823] : "Request Type : POST"
[2022-10-07T14:07:48.961Z] [INFO] [ApiClient968167823] : "signatureHeader : keyid=\"5094d77a-b357-4016-b6e3-6bb9ac4fc283\", algorithm=\"HmacSHA256\", headers=\"host date (request-target) digest v-c-merchant-id\", signature=\"NV7eEipp29CcIu+PBU9zlgaditxK+P9IT2yRAofsiIU=\""
[2022-10-07T14:07:48.962Z] [INFO] [ApiClient968167823] : "digest : SHA-256=holwfjIgwG18gg/Zf+tszsNuoCOx2oUbTQcfAcImndE="
[2022-10-07T14:07:48.962Z] [INFO] [ApiClient968167823] : "v-c-merchant-id : bbk_fadhili_1234567_kes"
[2022-10-07T14:07:48.962Z] [INFO] [ApiClient968167823] : "date : Fri, 07 Oct 2022 14:07:48 GMT"
[2022-10-07T14:07:48.962Z] [INFO] [ApiClient968167823] : "host : apitest.cybersource.com"
[2022-10-07T14:07:48.962Z] [INFO] [ApiClient968167823] : "signature : keyid=\"5094d77a-b357-4016-b6e3-6bb9ac4fc283\", algorithm=\"HmacSHA256\", headers=\"host date (request-target) digest v-c-merchant-id\", signature=\"NV7eEipp29CcIu+PBU9zlgaditxK+P9IT2yRAofsiIU=\""
[2022-10-07T14:07:48.962Z] [INFO] [ApiClient968167823] : "User-Agent : Mozilla/5.0"
[2022-10-07T14:07:48.963Z] [INFO] [ApiClient968167823] : "************************  LOGGING END  ************************"
[2022-10-07T14:08:25.883Z] [INFO] [MerchantConfig899197470] : "************************ LOGGING START ************************"
[2022-10-07T14:08:25.889Z] [INFO] [ApiClient484316382] : "Authentication Type : http_signature"
[2022-10-07T14:08:25.890Z] [INFO] [ApiClient484316382] : "Request Type : POST"
[2022-10-07T14:08:25.891Z] [INFO] [ApiClient484316382] : "signatureHeader : keyid=\"5094d77a-b357-4016-b6e3-6bb9ac4fc283\", algorithm=\"HmacSHA256\", headers=\"host date (request-target) digest v-c-merchant-id\", signature=\"CRs/pjJRN5g8QufNdssgOASR95o7xRNaS+zV/JlXeTg=\""
[2022-10-07T14:08:25.891Z] [INFO] [ApiClient484316382] : "digest : SHA-256=holwfjIgwG18gg/Zf+tszsNuoCOx2oUbTQcfAcImndE="
[2022-10-07T14:08:25.892Z] [INFO] [ApiClient484316382] : "v-c-merchant-id : bbk_fadhili_1234567_kes"
[2022-10-07T14:08:25.892Z] [INFO] [ApiClient484316382] : "date : Fri, 07 Oct 2022 14:08:25 GMT"
[2022-10-07T14:08:25.892Z] [INFO] [ApiClient484316382] : "host : apitest.cybersource.com"
[2022-10-07T14:08:25.892Z] [INFO] [ApiClient484316382] : "signature : keyid=\"5094d77a-b357-4016-b6e3-6bb9ac4fc283\", algorithm=\"HmacSHA256\", headers=\"host date (request-target) digest v-c-merchant-id\", signature=\"CRs/pjJRN5g8QufNdssgOASR95o7xRNaS+zV/JlXeTg=\""
[2022-10-07T14:08:25.892Z] [INFO] [ApiClient484316382] : "User-Agent : Mozilla/5.0"
[2022-10-07T14:08:25.892Z] [INFO] [ApiClient484316382] : "************************  LOGGING END  ************************"
[2022-10-07T14:20:53.111Z] [INFO] [MerchantConfig442341597] : "************************ LOGGING START ************************"
[2022-10-07T14:20:53.117Z] [INFO] [ApiClient687176254] : "Authentication Type : http_signature"
[2022-10-07T14:20:53.117Z] [INFO] [ApiClient687176254] : "Request Type : POST"
[2022-10-07T14:20:53.119Z] [INFO] [ApiClient687176254] : "signatureHeader : keyid=\"5094d77a-b357-4016-b6e3-6bb9ac4fc283\", algorithm=\"HmacSHA256\", headers=\"host date (request-target) digest v-c-merchant-id\", signature=\"gZEulGj8Px8mGq+d+nM3035EREqkVfRoaAMWDJPleqA=\""
[2022-10-07T14:20:53.119Z] [INFO] [ApiClient687176254] : "digest : SHA-256=holwfjIgwG18gg/Zf+tszsNuoCOx2oUbTQcfAcImndE="
[2022-10-07T14:20:53.119Z] [INFO] [ApiClient687176254] : "v-c-merchant-id : bbk_fadhili_1234567_kes"
[2022-10-07T14:20:53.120Z] [INFO] [ApiClient687176254] : "date : Fri, 07 Oct 2022 14:20:53 GMT"
[2022-10-07T14:20:53.120Z] [INFO] [ApiClient687176254] : "host : apitest.cybersource.com"
[2022-10-07T14:20:53.120Z] [INFO] [ApiClient687176254] : "signature : keyid=\"5094d77a-b357-4016-b6e3-6bb9ac4fc283\", algorithm=\"HmacSHA256\", headers=\"host date (request-target) digest v-c-merchant-id\", signature=\"gZEulGj8Px8mGq+d+nM3035EREqkVfRoaAMWDJPleqA=\""
[2022-10-07T14:20:53.120Z] [INFO] [ApiClient687176254] : "User-Agent : Mozilla/5.0"
[2022-10-07T14:20:53.121Z] [INFO] [ApiClient687176254] : "************************  LOGGING END  ************************"
[2022-10-07T14:21:12.001Z] [INFO] [MerchantConfig616639684] : "************************ LOGGING START ************************"
[2022-10-07T14:22:59.392Z] [INFO] [MerchantConfig966184534] : "************************ LOGGING START ************************"
[2022-10-07T14:25:42.805Z] [INFO] [MerchantConfig652082484] : "************************ LOGGING START ************************"
[2022-10-07T14:27:54.670Z] [INFO] [MerchantConfig401818450] : "************************ LOGGING START ************************"
[2022-10-07T14:28:59.605Z] [INFO] [MerchantConfig85411152] : "************************ LOGGING START ************************"
[2022-10-07T14:30:08.942Z] [INFO] [MerchantConfig101189618] : "************************ LOGGING START ************************"
[2022-10-07T14:30:12.382Z] [INFO] [MerchantConfig258548323] : "************************ LOGGING START ************************"
[2022-10-07T14:35:25.792Z] [INFO] [MerchantConfig721375752] : "************************ LOGGING START ************************"
[2022-10-07T14:35:25.798Z] [INFO] [ApiClient576083254] : "Authentication Type : http_signature"
[2022-10-07T14:35:25.799Z] [INFO] [ApiClient576083254] : "Request Type : POST"
[2022-10-07T14:35:25.800Z] [INFO] [ApiClient576083254] : "signatureHeader : keyid=\"5094d77a-b357-4016-b6e3-6bb9ac4fc283\", algorithm=\"HmacSHA256\", headers=\"host date (request-target) digest v-c-merchant-id\", signature=\"5/hSmiCNx8YhFqCiNYEqNy9IlSWNr0oj9zCWzj6kXkU=\""
[2022-10-07T14:35:25.800Z] [INFO] [ApiClient576083254] : "digest : SHA-256=holwfjIgwG18gg/Zf+tszsNuoCOx2oUbTQcfAcImndE="
[2022-10-07T14:35:25.800Z] [INFO] [ApiClient576083254] : "v-c-merchant-id : bbk_fadhili_1234567_kes"
[2022-10-07T14:35:25.800Z] [INFO] [ApiClient576083254] : "date : Fri, 07 Oct 2022 14:35:25 GMT"
[2022-10-07T14:35:25.801Z] [INFO] [ApiClient576083254] : "host : apitest.cybersource.com"
[2022-10-07T14:35:25.801Z] [INFO] [ApiClient576083254] : "signature : keyid=\"5094d77a-b357-4016-b6e3-6bb9ac4fc283\", algorithm=\"HmacSHA256\", headers=\"host date (request-target) digest v-c-merchant-id\", signature=\"5/hSmiCNx8YhFqCiNYEqNy9IlSWNr0oj9zCWzj6kXkU=\""
[2022-10-07T14:35:25.801Z] [INFO] [ApiClient576083254] : "User-Agent : Mozilla/5.0"
[2022-10-07T14:35:25.801Z] [INFO] [ApiClient576083254] : "************************  LOGGING END  ************************"
[2022-10-07T14:37:07.419Z] [INFO] [MerchantConfig317764073] : "************************ LOGGING START ************************"
[2022-10-07T14:37:07.426Z] [INFO] [ApiClient292796723] : "Authentication Type : http_signature"
[2022-10-07T14:37:07.426Z] [INFO] [ApiClient292796723] : "Request Type : POST"
[2022-10-07T14:37:07.427Z] [INFO] [ApiClient292796723] : "signatureHeader : keyid=\"5094d77a-b357-4016-b6e3-6bb9ac4fc283\", algorithm=\"HmacSHA256\", headers=\"host date (request-target) digest v-c-merchant-id\", signature=\"mmDQSQ8xB3rG8/ThzU1TQwbdHy3i37GWiR9DtjnQvOg=\""
[2022-10-07T14:37:07.428Z] [INFO] [ApiClient292796723] : "digest : SHA-256=U5u/GBnxz+eJ1qROuP1Po7S0rFSCPqTorEIaNNmw8mw="
[2022-10-07T14:37:07.428Z] [INFO] [ApiClient292796723] : "v-c-merchant-id : bbk_fadhili_1234567_kes"
[2022-10-07T14:37:07.428Z] [INFO] [ApiClient292796723] : "date : Fri, 07 Oct 2022 14:37:07 GMT"
[2022-10-07T14:37:07.428Z] [INFO] [ApiClient292796723] : "host : apitest.cybersource.com"
[2022-10-07T14:37:07.428Z] [INFO] [ApiClient292796723] : "signature : keyid=\"5094d77a-b357-4016-b6e3-6bb9ac4fc283\", algorithm=\"HmacSHA256\", headers=\"host date (request-target) digest v-c-merchant-id\", signature=\"mmDQSQ8xB3rG8/ThzU1TQwbdHy3i37GWiR9DtjnQvOg=\""
[2022-10-07T14:37:07.428Z] [INFO] [ApiClient292796723] : "User-Agent : Mozilla/5.0"
[2022-10-07T14:37:07.429Z] [INFO] [ApiClient292796723] : "************************  LOGGING END  ************************"
[2022-10-07T14:42:58.107Z] [INFO] [MerchantConfig925582560] : "************************ LOGGING START ************************"
[2022-10-07T14:42:58.113Z] [INFO] [ApiClient273863608] : "Authentication Type : http_signature"
[2022-10-07T14:42:58.113Z] [INFO] [ApiClient273863608] : "Request Type : POST"
[2022-10-07T14:42:58.115Z] [INFO] [ApiClient273863608] : "signatureHeader : keyid=\"5094d77a-b357-4016-b6e3-6bb9ac4fc283\", algorithm=\"HmacSHA256\", headers=\"host date (request-target) digest v-c-merchant-id\", signature=\"l6xm85Vb18/d0vk+BfYdSvzaclGGcqq/GD/E0zt9sOA=\""
[2022-10-07T14:42:58.115Z] [INFO] [ApiClient273863608] : "digest : SHA-256=U5u/GBnxz+eJ1qROuP1Po7S0rFSCPqTorEIaNNmw8mw="
[2022-10-07T14:42:58.115Z] [INFO] [ApiClient273863608] : "v-c-merchant-id : bbk_fadhili_1234567_kes"
[2022-10-07T14:42:58.115Z] [INFO] [ApiClient273863608] : "date : Fri, 07 Oct 2022 14:42:58 GMT"
[2022-10-07T14:42:58.116Z] [INFO] [ApiClient273863608] : "host : apitest.cybersource.com"
[2022-10-07T14:42:58.116Z] [INFO] [ApiClient273863608] : "signature : keyid=\"5094d77a-b357-4016-b6e3-6bb9ac4fc283\", algorithm=\"HmacSHA256\", headers=\"host date (request-target) digest v-c-merchant-id\", signature=\"l6xm85Vb18/d0vk+BfYdSvzaclGGcqq/GD/E0zt9sOA=\""
[2022-10-07T14:42:58.116Z] [INFO] [ApiClient273863608] : "User-Agent : Mozilla/5.0"
[2022-10-07T14:42:58.116Z] [INFO] [ApiClient273863608] : "************************  LOGGING END  ************************"
[2022-10-07T14:46:11.186Z] [INFO] [MerchantConfig579791608] : "************************ LOGGING START ************************"
[2022-10-07T14:46:11.193Z] [INFO] [ApiClient890899658] : "Authentication Type : http_signature"
[2022-10-07T14:46:11.193Z] [INFO] [ApiClient890899658] : "Request Type : POST"
[2022-10-07T14:46:11.195Z] [INFO] [ApiClient890899658] : "signatureHeader : keyid=\"5094d77a-b357-4016-b6e3-6bb9ac4fc283\", algorithm=\"HmacSHA256\", headers=\"host date (request-target) digest v-c-merchant-id\", signature=\"N4Eyv1JVCQ6Q3AMlnhBw7mjk184dwiJrxd1oDd8W4+c=\""
[2022-10-07T14:46:11.195Z] [INFO] [ApiClient890899658] : "digest : SHA-256=U5u/GBnxz+eJ1qROuP1Po7S0rFSCPqTorEIaNNmw8mw="
[2022-10-07T14:46:11.195Z] [INFO] [ApiClient890899658] : "v-c-merchant-id : bbk_fadhili_1234567_kes"
[2022-10-07T14:46:11.196Z] [INFO] [ApiClient890899658] : "date : Fri, 07 Oct 2022 14:46:11 GMT"
[2022-10-07T14:46:11.196Z] [INFO] [ApiClient890899658] : "host : apitest.cybersource.com"
[2022-10-07T14:46:11.196Z] [INFO] [ApiClient890899658] : "signature : keyid=\"5094d77a-b357-4016-b6e3-6bb9ac4fc283\", algorithm=\"HmacSHA256\", headers=\"host date (request-target) digest v-c-merchant-id\", signature=\"N4Eyv1JVCQ6Q3AMlnhBw7mjk184dwiJrxd1oDd8W4+c=\""
[2022-10-07T14:46:11.196Z] [INFO] [ApiClient890899658] : "User-Agent : Mozilla/5.0"
[2022-10-07T14:46:11.196Z] [INFO] [ApiClient890899658] : "************************  LOGGING END  ************************"
[2022-10-07T14:47:09.412Z] [INFO] [MerchantConfig407384824] : "************************ LOGGING START ************************"
[2022-10-07T14:47:09.416Z] [INFO] [ApiClient638853132] : "Authentication Type : http_signature"
[2022-10-07T14:47:09.417Z] [INFO] [ApiClient638853132] : "Request Type : POST"
[2022-10-07T14:47:09.417Z] [INFO] [ApiClient638853132] : "signatureHeader : keyid=\"5094d77a-b357-4016-b6e3-6bb9ac4fc283\", algorithm=\"HmacSHA256\", headers=\"host date (request-target) digest v-c-merchant-id\", signature=\"RUdmwJjxbSQTcLjGfamyKv8I1WFthhsNjwLhTFt+kPQ=\""
[2022-10-07T14:47:09.418Z] [INFO] [ApiClient638853132] : "digest : SHA-256=U5u/GBnxz+eJ1qROuP1Po7S0rFSCPqTorEIaNNmw8mw="
[2022-10-07T14:47:09.418Z] [INFO] [ApiClient638853132] : "v-c-merchant-id : bbk_fadhili_1234567_kes"
[2022-10-07T14:47:09.418Z] [INFO] [ApiClient638853132] : "date : Fri, 07 Oct 2022 14:47:09 GMT"
[2022-10-07T14:47:09.418Z] [INFO] [ApiClient638853132] : "host : apitest.cybersource.com"
[2022-10-07T14:47:09.418Z] [INFO] [ApiClient638853132] : "signature : keyid=\"5094d77a-b357-4016-b6e3-6bb9ac4fc283\", algorithm=\"HmacSHA256\", headers=\"host date (request-target) digest v-c-merchant-id\", signature=\"RUdmwJjxbSQTcLjGfamyKv8I1WFthhsNjwLhTFt+kPQ=\""
[2022-10-07T14:47:09.418Z] [INFO] [ApiClient638853132] : "User-Agent : Mozilla/5.0"
[2022-10-07T14:47:09.418Z] [INFO] [ApiClient638853132] : "************************  LOGGING END  ************************"
[2022-10-07T14:56:45.141Z] [INFO] [MerchantConfig562996110] : "************************ LOGGING START ************************"
[2022-10-07T14:56:45.147Z] [INFO] [ApiClient533366816] : "Authentication Type : http_signature"
[2022-10-07T14:56:45.148Z] [INFO] [ApiClient533366816] : "Request Type : POST"
[2022-10-07T14:56:45.149Z] [INFO] [ApiClient533366816] : "signatureHeader : keyid=\"5094d77a-b357-4016-b6e3-6bb9ac4fc283\", algorithm=\"HmacSHA256\", headers=\"host date (request-target) digest v-c-merchant-id\", signature=\"nv8rIPyD3bpa81WdnPXV444FLmcDbKDDCbO10X/TPvg=\""
[2022-10-07T14:56:45.149Z] [INFO] [ApiClient533366816] : "digest : SHA-256=bc/iQBnhuut88CWkqFx9BG5i141jcQX1UtfhnYqt27I="
[2022-10-07T14:56:45.149Z] [INFO] [ApiClient533366816] : "v-c-merchant-id : bbk_fadhili_1234567_kes"
[2022-10-07T14:56:45.150Z] [INFO] [ApiClient533366816] : "date : Fri, 07 Oct 2022 14:56:45 GMT"
[2022-10-07T14:56:45.150Z] [INFO] [ApiClient533366816] : "host : apitest.cybersource.com"
[2022-10-07T14:56:45.150Z] [INFO] [ApiClient533366816] : "signature : keyid=\"5094d77a-b357-4016-b6e3-6bb9ac4fc283\", algorithm=\"HmacSHA256\", headers=\"host date (request-target) digest v-c-merchant-id\", signature=\"nv8rIPyD3bpa81WdnPXV444FLmcDbKDDCbO10X/TPvg=\""
[2022-10-07T14:56:45.150Z] [INFO] [ApiClient533366816] : "User-Agent : Mozilla/5.0"
[2022-10-07T14:56:45.150Z] [INFO] [ApiClient533366816] : "************************  LOGGING END  ************************"
