[2022-10-12T09:21:16.133Z] [INFO] [MerchantConfig978583877] : "************************ LOGGING START ************************"
[2022-10-12T09:21:16.139Z] [INFO] [ApiClient903801718] : "Authentication Type : http_signature"
[2022-10-12T09:21:16.140Z] [INFO] [ApiClient903801718] : "Request Type : POST"
[2022-10-12T09:21:16.142Z] [INFO] [ApiClient903801718] : "signatureHeader : keyid=\"5094d77a-b357-4016-b6e3-6bb9ac4fc283\", algorithm=\"HmacSHA256\", headers=\"host date (request-target) digest v-c-merchant-id\", signature=\"Hm1r5yjshO3ss0aXtf4NXJi5ijSFgJIMCl6+MsnXWN8=\""
[2022-10-12T09:21:16.142Z] [INFO] [ApiClient903801718] : "digest : SHA-256=bc/iQBnhuut88CWkqFx9BG5i141jcQX1UtfhnYqt27I="
[2022-10-12T09:21:16.142Z] [INFO] [ApiClient903801718] : "v-c-merchant-id : bbk_fadhili_1234567_kes"
[2022-10-12T09:21:16.142Z] [INFO] [ApiClient903801718] : "date : Wed, 12 Oct 2022 09:21:16 GMT"
[2022-10-12T09:21:16.143Z] [INFO] [ApiClient903801718] : "host : apitest.cybersource.com"
[2022-10-12T09:21:16.143Z] [INFO] [ApiClient903801718] : "signature : keyid=\"5094d77a-b357-4016-b6e3-6bb9ac4fc283\", algorithm=\"HmacSHA256\", headers=\"host date (request-target) digest v-c-merchant-id\", signature=\"Hm1r5yjshO3ss0aXtf4NXJi5ijSFgJIMCl6+MsnXWN8=\""
[2022-10-12T09:21:16.143Z] [INFO] [ApiClient903801718] : "User-Agent : Mozilla/5.0"
[2022-10-12T09:21:16.143Z] [INFO] [ApiClient903801718] : "************************  LOGGING END  ************************"
[2022-10-12T09:35:55.529Z] [INFO] [MerchantConfig893273719] : "************************ LOGGING START ************************"
[2022-10-12T09:35:55.537Z] [INFO] [ApiClient614572995] : "Authentication Type : http_signature"
[2022-10-12T09:35:55.537Z] [INFO] [ApiClient614572995] : "Request Type : POST"
[2022-10-12T09:35:55.538Z] [INFO] [ApiClient614572995] : "signatureHeader : keyid=\"5094d77a-b357-4016-b6e3-6bb9ac4fc283\", algorithm=\"HmacSHA256\", headers=\"host date (request-target) digest v-c-merchant-id\", signature=\"Q+b1kldpbJ56Tpm7HXUpkOqNJQXqpp1p5vanYKRDJ/g=\""
[2022-10-12T09:35:55.538Z] [INFO] [ApiClient614572995] : "digest : SHA-256=81CG0hYaYTb/dzDyIhenDdoVbwZ7jP6iGvMRFxDveo8="
[2022-10-12T09:35:55.538Z] [INFO] [ApiClient614572995] : "v-c-merchant-id : bbk_fadhili_1234567_kes"
[2022-10-12T09:35:55.538Z] [INFO] [ApiClient614572995] : "date : Wed, 12 Oct 2022 09:35:55 GMT"
[2022-10-12T09:35:55.539Z] [INFO] [ApiClient614572995] : "host : apitest.cybersource.com"
[2022-10-12T09:35:55.539Z] [INFO] [ApiClient614572995] : "signature : keyid=\"5094d77a-b357-4016-b6e3-6bb9ac4fc283\", algorithm=\"HmacSHA256\", headers=\"host date (request-target) digest v-c-merchant-id\", signature=\"Q+b1kldpbJ56Tpm7HXUpkOqNJQXqpp1p5vanYKRDJ/g=\""
[2022-10-12T09:35:55.539Z] [INFO] [ApiClient614572995] : "User-Agent : Mozilla/5.0"
[2022-10-12T09:35:55.539Z] [INFO] [ApiClient614572995] : "************************  LOGGING END  ************************"
[2022-10-12T11:06:47.027Z] [INFO] [MerchantConfig884964852] : "************************ LOGGING START ************************"
[2022-10-12T11:06:47.034Z] [INFO] [ApiClient740610862] : "Authentication Type : http_signature"
[2022-10-12T11:06:47.035Z] [INFO] [ApiClient740610862] : "Request Type : POST"
[2022-10-12T11:06:47.037Z] [INFO] [ApiClient740610862] : "signatureHeader : keyid=\"5094d77a-b357-4016-b6e3-6bb9ac4fc283\", algorithm=\"HmacSHA256\", headers=\"host date (request-target) digest v-c-merchant-id\", signature=\"BH43Um/Ufvvzn20Bhu0zHtUjfw3+yQoz69VguWdSQa8=\""
[2022-10-12T11:06:47.037Z] [INFO] [ApiClient740610862] : "digest : SHA-256=1h5xF0byavnnEWhu/Ro11+kUyoJo7tkT93G3bcmKI9w="
[2022-10-12T11:06:47.037Z] [INFO] [ApiClient740610862] : "v-c-merchant-id : bbk_fadhili_1234567_kes"
[2022-10-12T11:06:47.037Z] [INFO] [ApiClient740610862] : "date : Wed, 12 Oct 2022 11:06:47 GMT"
[2022-10-12T11:06:47.038Z] [INFO] [ApiClient740610862] : "host : apitest.cybersource.com"
[2022-10-12T11:06:47.038Z] [INFO] [ApiClient740610862] : "signature : keyid=\"5094d77a-b357-4016-b6e3-6bb9ac4fc283\", algorithm=\"HmacSHA256\", headers=\"host date (request-target) digest v-c-merchant-id\", signature=\"BH43Um/Ufvvzn20Bhu0zHtUjfw3+yQoz69VguWdSQa8=\""
[2022-10-12T11:06:47.038Z] [INFO] [ApiClient740610862] : "User-Agent : Mozilla/5.0"
[2022-10-12T11:06:47.039Z] [INFO] [ApiClient740610862] : "************************  LOGGING END  ************************"
[2022-10-12T11:15:03.034Z] [INFO] [MerchantConfig266228523] : "************************ LOGGING START ************************"
[2022-10-12T11:15:03.039Z] [INFO] [ApiClient225002694] : "Authentication Type : http_signature"
[2022-10-12T11:15:03.039Z] [INFO] [ApiClient225002694] : "Request Type : POST"
[2022-10-12T11:15:03.039Z] [INFO] [ApiClient225002694] : "signatureHeader : keyid=\"5094d77a-b357-4016-b6e3-6bb9ac4fc283\", algorithm=\"HmacSHA256\", headers=\"host date (request-target) digest v-c-merchant-id\", signature=\"vWtbLpix4B+wsBmLuOxdvAf5fp9iEbPD9DPBmOcRQTo=\""
[2022-10-12T11:15:03.040Z] [INFO] [ApiClient225002694] : "digest : SHA-256=jduzKAEwrBzCLSmCZDjzN+xUFCwroXMfTqjsfV/busw="
[2022-10-12T11:15:03.040Z] [INFO] [ApiClient225002694] : "v-c-merchant-id : bbk_fadhili_1234567_kes"
[2022-10-12T11:15:03.040Z] [INFO] [ApiClient225002694] : "date : Wed, 12 Oct 2022 11:15:03 GMT"
[2022-10-12T11:15:03.040Z] [INFO] [ApiClient225002694] : "host : apitest.cybersource.com"
[2022-10-12T11:15:03.040Z] [INFO] [ApiClient225002694] : "signature : keyid=\"5094d77a-b357-4016-b6e3-6bb9ac4fc283\", algorithm=\"HmacSHA256\", headers=\"host date (request-target) digest v-c-merchant-id\", signature=\"vWtbLpix4B+wsBmLuOxdvAf5fp9iEbPD9DPBmOcRQTo=\""
[2022-10-12T11:15:03.040Z] [INFO] [ApiClient225002694] : "User-Agent : Mozilla/5.0"
[2022-10-12T11:15:03.040Z] [INFO] [ApiClient225002694] : "************************  LOGGING END  ************************"
[2022-10-12T11:17:14.288Z] [INFO] [MerchantConfig940121170] : "************************ LOGGING START ************************"
[2022-10-12T11:17:14.295Z] [INFO] [ApiClient153824282] : "Authentication Type : http_signature"
[2022-10-12T11:17:14.296Z] [INFO] [ApiClient153824282] : "Request Type : POST"
[2022-10-12T11:17:14.298Z] [INFO] [ApiClient153824282] : "signatureHeader : keyid=\"5094d77a-b357-4016-b6e3-6bb9ac4fc283\", algorithm=\"HmacSHA256\", headers=\"host date (request-target) digest v-c-merchant-id\", signature=\"QfF6+fGZG0wQjehu3o0aG9BFplhnVA2R9S6vqw2anlo=\""
[2022-10-12T11:17:14.298Z] [INFO] [ApiClient153824282] : "digest : SHA-256=CpHairUjoFXhWk1TV0iZOJFNuY8wj2EpRs7/0Qkli2Q="
[2022-10-12T11:17:14.298Z] [INFO] [ApiClient153824282] : "v-c-merchant-id : bbk_fadhili_1234567_kes"
[2022-10-12T11:17:14.298Z] [INFO] [ApiClient153824282] : "date : Wed, 12 Oct 2022 11:17:14 GMT"
[2022-10-12T11:17:14.298Z] [INFO] [ApiClient153824282] : "host : apitest.cybersource.com"
[2022-10-12T11:17:14.299Z] [INFO] [ApiClient153824282] : "signature : keyid=\"5094d77a-b357-4016-b6e3-6bb9ac4fc283\", algorithm=\"HmacSHA256\", headers=\"host date (request-target) digest v-c-merchant-id\", signature=\"QfF6+fGZG0wQjehu3o0aG9BFplhnVA2R9S6vqw2anlo=\""
[2022-10-12T11:17:14.299Z] [INFO] [ApiClient153824282] : "User-Agent : Mozilla/5.0"
[2022-10-12T11:17:14.299Z] [INFO] [ApiClient153824282] : "************************  LOGGING END  ************************"
[2022-10-12T11:17:41.053Z] [INFO] [MerchantConfig356951458] : "************************ LOGGING START ************************"
[2022-10-12T11:17:41.060Z] [INFO] [ApiClient365178994] : "Authentication Type : http_signature"
[2022-10-12T11:17:41.060Z] [INFO] [ApiClient365178994] : "Request Type : POST"
[2022-10-12T11:17:41.062Z] [INFO] [ApiClient365178994] : "signatureHeader : keyid=\"5094d77a-b357-4016-b6e3-6bb9ac4fc283\", algorithm=\"HmacSHA256\", headers=\"host date (request-target) digest v-c-merchant-id\", signature=\"4rSNJPLlF2fSu3KCSvc1sLDwS2Rej7lF4zKXZ3yBgP0=\""
[2022-10-12T11:17:41.063Z] [INFO] [ApiClient365178994] : "digest : SHA-256=QnYXIoMJ4m9VDq3IIZpOc8LWpNmpmS5eT8sympwumDE="
[2022-10-12T11:17:41.063Z] [INFO] [ApiClient365178994] : "v-c-merchant-id : bbk_fadhili_1234567_kes"
[2022-10-12T11:17:41.063Z] [INFO] [ApiClient365178994] : "date : Wed, 12 Oct 2022 11:17:41 GMT"
[2022-10-12T11:17:41.064Z] [INFO] [ApiClient365178994] : "host : apitest.cybersource.com"
[2022-10-12T11:17:41.064Z] [INFO] [ApiClient365178994] : "signature : keyid=\"5094d77a-b357-4016-b6e3-6bb9ac4fc283\", algorithm=\"HmacSHA256\", headers=\"host date (request-target) digest v-c-merchant-id\", signature=\"4rSNJPLlF2fSu3KCSvc1sLDwS2Rej7lF4zKXZ3yBgP0=\""
[2022-10-12T11:17:41.064Z] [INFO] [ApiClient365178994] : "User-Agent : Mozilla/5.0"
[2022-10-12T11:17:41.064Z] [INFO] [ApiClient365178994] : "************************  LOGGING END  ************************"
[2022-10-12T11:49:17.934Z] [INFO] [MerchantConfig305342658] : "************************ LOGGING START ************************"
[2022-10-12T11:49:17.939Z] [INFO] [ApiClient754913333] : "Authentication Type : http_signature"
[2022-10-12T11:49:17.939Z] [INFO] [ApiClient754913333] : "Request Type : POST"
[2022-10-12T11:49:17.940Z] [INFO] [ApiClient754913333] : "signatureHeader : keyid=\"5094d77a-b357-4016-b6e3-6bb9ac4fc283\", algorithm=\"HmacSHA256\", headers=\"host date (request-target) digest v-c-merchant-id\", signature=\"6WQKO1uXe1hNqe6ZIL8yepCssXFSqvB0AKSvYRpTiD0=\""
[2022-10-12T11:49:17.940Z] [INFO] [ApiClient754913333] : "digest : SHA-256=fAp+ywvA8V23G8FdP3Q9/uwsfEpb5o6a3Wajlc24p9I="
[2022-10-12T11:49:17.940Z] [INFO] [ApiClient754913333] : "v-c-merchant-id : bbk_fadhili_1234567_kes"
[2022-10-12T11:49:17.940Z] [INFO] [ApiClient754913333] : "date : Wed, 12 Oct 2022 11:49:17 GMT"
[2022-10-12T11:49:17.940Z] [INFO] [ApiClient754913333] : "host : apitest.cybersource.com"
[2022-10-12T11:49:17.940Z] [INFO] [ApiClient754913333] : "signature : keyid=\"5094d77a-b357-4016-b6e3-6bb9ac4fc283\", algorithm=\"HmacSHA256\", headers=\"host date (request-target) digest v-c-merchant-id\", signature=\"6WQKO1uXe1hNqe6ZIL8yepCssXFSqvB0AKSvYRpTiD0=\""
[2022-10-12T11:49:17.940Z] [INFO] [ApiClient754913333] : "User-Agent : Mozilla/5.0"
[2022-10-12T11:49:17.940Z] [INFO] [ApiClient754913333] : "************************  LOGGING END  ************************"
